Arguments: 
  /usr/local/bin/node /usr/local/Cellar/yarn/1.3.2/libexec/bin/yarn.js

PATH: 
  /usr/local/bin:/usr/bin:/bin:/usr/sbin:/sbin

Yarn version: 
  1.3.2

Node version: 
  8.9.2

Platform: 
  darwin x64

npm manifest: 
  {
    "name": "neo-grunt-contrib-connect",
    "description": "Start a connect web server",
    "version": "1.0.3",
    "author": {
      "name": "Adarsh Singh",
      "url": "https://github.com/adarshsingh1407"
    },
    "repository": "https://github.com/adarshsingh1407/neo-grunt-contrib-connect",
    "engines": {
      "node": ">=0.10.0"
    },
    "main": "tasks/connect.js",
    "scripts": {
      "test": "grunt test --verbose"
    },
    "dependencies": {
      "async": "^1.5.2",
      "connect": "^3.4.0",
      "connect-livereload": "^0.5.0",
      "morgan": "^1.6.1",
      "opn": "^4.0.0",
      "portscanner": "^1.0.0",
      "serve-index": "^1.7.1",
      "serve-static": "^1.10.0"
    },
    "devDependencies": {
      "grunt": "^1.0.0",
      "grunt-contrib-internal": "^1.1.0",
      "grunt-contrib-jshint": "^1.0.0",
      "grunt-contrib-nodeunit": "^1.0.0"
    },
    "peerDependencies": {
      "grunt": "^1.0.1",
    },
    "keywords": [
      "gruntplugin",
      "server",
      "connect",
      "http"
    ],
    "files": [
      "tasks"
    ]
  }

yarn manifest: 
  No manifest

Lockfile: 
  No lockfile

Trace: 
  SyntaxError: /Users/adarshsingh/workspace/github/neo-grunt-contrib-connect/package.json: Unexpected token } in JSON at position 872
      at JSON.parse (<anonymous>)
      at /usr/local/Cellar/yarn/1.3.2/libexec/lib/cli.js:770:59
      at Generator.next (<anonymous>)
      at step (/usr/local/Cellar/yarn/1.3.2/libexec/lib/cli.js:92:30)
      at /usr/local/Cellar/yarn/1.3.2/libexec/lib/cli.js:103:13
      at <anonymous>
